<?xml version="1.0" encoding="UTF-8"?>
<!-- Generated by org.testng.reporters.JUnitXMLReporter -->
<testsuite hostname="Skillray" ignored="0" name="Test" tests="3" failures="1" timestamp="2020-04-22T19:05:43 IST" time="86.822" errors="0">
  <testcase name="addingtocart" time="24.107" classname="scripts.Addingproducttocart"/>
  <testcase name="invalid" time="0.041" classname="scripts.Invalidlogin">
    <failure type="java.lang.IllegalArgumentException" message="Keys to send should be a not null CharSequence">
      <![CDATA[java.lang.IllegalArgumentException: Keys to send should be a not null CharSequence
at org.openqa.selenium.remote.RemoteWebElement.sendKeys(RemoteWebElement.java:97)
at org.openqa.selenium.support.pagefactory.internal.LocatingElementHandler.invoke(LocatingElementHandler.java:51)
at com.sun.proxy.$Proxy9.sendKeys(Unknown Source)
at pages.Loginpage.enteremail(Loginpage.java:46)
at scripts.Invalidlogin.invalid(Invalidlogin.java:18)
at java.util.ArrayList.forEach(Unknown Source)
... Removed 31 stack frames]]>
    </failure>
  </testcase> <!-- invalid -->
  <testcase name="deliveryproduct" time="13.248" classname="scripts.Deliveryoftheproduct"/>
</testsuite> <!-- Test -->
